0 info it worked if it ends with ok
1 verbose cli [ '/home/grkblood13/.nvm/v0.10.46/bin/node',
1 verbose cli   '/home/grkblood13/.nvm/v0.10.46/bin/npm',
1 verbose cli   'publish' ]
2 info using npm@2.15.1
3 info using node@v0.10.46
4 verbose publish [ '.' ]
5 silly cache add args [ '.', null ]
6 verbose cache add spec .
7 silly cache add parsed spec { raw: '.',
7 silly cache add   scope: null,
7 silly cache add   name: null,
7 silly cache add   rawSpec: '.',
7 silly cache add   spec: '/home/grkblood13/Projects/gitrepos/m3u-builder',
7 silly cache add   type: 'directory' }
8 verbose addLocalDirectory /home/grkblood13/.npm/m3u-builder/1.0.1/package.tgz not in flight; packing
9 verbose correctMkdir /home/grkblood13/.npm correctMkdir not in flight; initializing
10 verbose tar pack [ '/home/grkblood13/.npm/m3u-builder/1.0.1/package.tgz',
10 verbose tar pack   '/home/grkblood13/Projects/gitrepos/m3u-builder' ]
11 verbose tarball /home/grkblood13/.npm/m3u-builder/1.0.1/package.tgz
12 verbose folder /home/grkblood13/Projects/gitrepos/m3u-builder
13 info prepublish m3u-builder@1.0.1
14 verbose addLocalTarball adding from inside cache /home/grkblood13/.npm/m3u-builder/1.0.1/package.tgz
15 verbose correctMkdir /home/grkblood13/.npm correctMkdir not in flight; initializing
16 silly cache afterAdd m3u-builder@1.0.1
17 verbose afterAdd /home/grkblood13/.npm/m3u-builder/1.0.1/package/package.json not in flight; writing
18 verbose correctMkdir /home/grkblood13/.npm correctMkdir not in flight; initializing
19 verbose afterAdd /home/grkblood13/.npm/m3u-builder/1.0.1/package/package.json written
20 silly publish { name: 'm3u-builder',
20 silly publish   version: '1.0.1',
20 silly publish   bin: { 'm3u-builder': './m3u-builder.js' },
20 silly publish   description: 'Customize existing m3u lists and xmltv guides that can be used with IPTV Simple Client.',
20 silly publish   keywords: [ 'm3u', 'xmltv', 'kodi', 'iptv' ],
20 silly publish   repository:
20 silly publish    { type: 'git',
20 silly publish      url: 'git+https://github.com/grkblood13/m3u-builder.git' },
20 silly publish   author: { name: 'grkblood13', email: 'grkblood13@hotmail.com' },
20 silly publish   engines: { nodejs: '>= 4' },
20 silly publish   readme: '# m3u-builder\nCustomize existing m3u lists and xmltv guides that can be used with IPTV Simple Client.\n\nm3u-builder is a way to take an XMLTV file and m3u file and customize it to name the channels what you want them to be, order them how you want them displayed and remove channels that you don\'t want listed.\n\nm3u-builder requires Node.js and will run on either Windows or Linux. Other distros will probably work as well but haven\'t been tested.\n\n## Linux Installation Instructions:\n\n1) Install Node.js\n\n   deb: `apt-get install nodejs`\n   \n   rpm: `yum install nodejs`\n   \n1) Download m3u-builder-master.zip directory to /opt\n\n   `cd /opt`\n\n   `wget https://github.com/grkblood13/m3u-builder/archive/master.zip`\n\n2) Unzip and move m3u-builder-master directory to /opt/m3u-builder\n\n   `unzip m3u-builder-master.zip`\n\n   `mv m3u-builder-master m3u-builder`\n\n3) Edit m3u-builder/sources/SOURCE.cfg to have valid XMLTV and M3U file inputs.\n\n4) Add the following to /etc/rc.local (this will update every 60 minutes):\n\n   /opt/m3u-builder/m3u-builder.js -n 60\n   \n## Windows Installation Instructions:\n\n1) Download and install Node.js\n\n   https://nodejs.org/en/download/\n   \n2) Download m3u-builder-master.zip\n\n3) Extra file via 7zip by right clicking on the zipped file and going to 7-Zip > Extract Here\n\n4) Rename m3u-builder-master to m3u-builder\n\n5) Edit m3u-builder/sources/SOURCE.cfg to have valid XMLTV and M3U file inputs.\n\n## Configuration Instructions:\n\nAt a minimum you must have one EPG and XMLTV source. Each source should have it\'s own FILE.cfg in the sources directory.\n\nAll customization of channels and groups are done in these files.\n\n### sources/SOURCE.cfg API\n\nREQUIRED:\n\nepgInput [OBJ] - URL to EPG source\n\n  * host [STR]: \'HOST_URL\'\n\n  * port [NUM]: HOST_PORT\n\n  * path [STR]: \'HOST_PATH\'\n\n  * auth (optional) [STR]: If password authentication is required for your epg then use this. example: \'username:password\'\n\nm3uInput [OBJ] - URL to M3U source\n\n  * host [STR]: \'HOST_URL\'\n\n  * port [NUM]: HOST_PORT\n\n  * path [STR]: \'HOST_PATH\'\n\n  * auth (optional) [STR]: If password authentication is required for your m3u file then use this. example: \'username:password\'\n\nOPTIONAL:\n\nchangeGroupTo [ARRAY] - Change group names. The array consists of array pairs of a current group name and what you want to replace it with. Empty group names are supported.\n\n  `[\'\',\'LOCAL\']` - Make channels with no group name part of the LOCAL group.\n\nincludeUnmatched [OBJ] - channels and groups that don\'t have any EPG data that you would still like to include in the final EPG. This parameter is only used if withID is TRUE.\n\n  * groups [ARR]: group names to include\n\n  * channels [ARR]: channel names to include\n\nomitMatched [OBJ] - channels and groups which should be omitted from EPG\n\n  * groups [ARR]: group names to omit`\n\n  * channels [ARR]: channel names to omit`\n\nreplaceInName [ARR] - Alter channel names. The array consists of array pairs of matches made by regular expressions and what to replace them with.\n\n `[\'\\\\\\(.*\\\\\\)\',\'\']` - Removes anything within () along with parenthesis themselves.\n\n `[\'US[/CA]*: \',\'\']` - Removes \'US:\' and \'US/CA: \'.\n\nreplaceInUrl [ARR] - This option is used to change urls in the M3U file. The array consists of array pairs of matches made by regular expressions and what to replace them with.\n\n `[\'http://\',\'http://user:pass@\']` - Adds user authentication to streams. This is very useful with tvheadend.\n\nwithID [BOOL] - Only include channels with an ID set is set to TRUE. includeUnmatched takes precedence over this option.\n\n  Default value: FALSE\n\n### params.cfg API\n\nREQUIRED:\n\nepgOutput [STR] - Path to output EPG file\n\nm3uOutput [STR] - Path to output M3U file\n\nOPTIONAL:\n\ngroupOrder [ARR] - order in which channel groups should be displayed on EPG. All remaining groups will be but in alphabetical order.\n\n## Run Instructions:\n\n   $ /opt/m3u-builder/m3u-builder.js\n\n   NOTE: For windows you will need to launch the nodejs command prompt\n\n## Command Line Options:\n\n--groups SOURCE: Lists all groups in alphabetical order supplied from SOURCE.cfg file.\n\n--info SOURCE: Lists all information of channels supplied from SOURCE.cfg file.\n\n-h, --help: print help menu.\n\n-n, --interval MINUTES: run m3u-builder every N minutes. Must be set to atleast 5 minutes.\n\n-p, --port PORT: Host files at a specific port to use network links instead of static file paths.\n\n--sort-by STRING: Sort output by parameter.\n\n  Possible values: \'id\', \'name\', \'logo\', \'url\', \'group\'\n\n  Default value: \'name\'\n\n--with-id: Makes --info output only display channels with an ID set, which means only channels with EPG data.\n',
20 silly publish   readmeFilename: 'README.md',
20 silly publish   gitHead: '3eda1af3c81443ed3e50cf70db0f4aaa35ab83a9',
20 silly publish   bugs: { url: 'https://github.com/grkblood13/m3u-builder/issues' },
20 silly publish   homepage: 'https://github.com/grkblood13/m3u-builder#readme',
20 silly publish   _id: 'm3u-builder@1.0.1',
20 silly publish   scripts: {},
20 silly publish   _shasum: 'fb5699bdaa0b75b680b5677caa1ab4bb68d84f75',
20 silly publish   _from: '.' }
21 verbose getPublishConfig undefined
22 silly mapToRegistry name m3u-builder
23 silly mapToRegistry using default registry
24 silly mapToRegistry registry https://registry.npmjs.org/
25 silly mapToRegistry data { raw: 'm3u-builder',
25 silly mapToRegistry   scope: null,
25 silly mapToRegistry   name: 'm3u-builder',
25 silly mapToRegistry   rawSpec: '',
25 silly mapToRegistry   spec: 'latest',
25 silly mapToRegistry   type: 'tag' }
26 silly mapToRegistry uri https://registry.npmjs.org/m3u-builder
27 verbose publish registryBase https://registry.npmjs.org/
28 silly publish uploading /home/grkblood13/.npm/m3u-builder/1.0.1/package.tgz
29 verbose request uri https://registry.npmjs.org/m3u-builder
30 verbose request sending authorization for write operation
31 info attempt registry request try #1 at 16:18:18
32 verbose request using bearer token for auth
33 verbose request id 925d591b09235b88
34 http request PUT https://registry.npmjs.org/m3u-builder
35 http 403 https://registry.npmjs.org/m3u-builder
36 verbose headers { 'content-type': 'application/json',
36 verbose headers   'cache-control': 'max-age=300',
36 verbose headers   'content-length': '95',
36 verbose headers   'accept-ranges': 'bytes',
36 verbose headers   date: 'Tue, 18 Jul 2017 20:18:19 GMT',
36 verbose headers   via: '1.1 varnish',
36 verbose headers   connection: 'keep-alive',
36 verbose headers   'x-served-by': 'cache-atl6232-ATL',
36 verbose headers   'x-cache': 'MISS',
36 verbose headers   'x-cache-hits': '0',
36 verbose headers   'x-timer': 'S1500409099.775731,VS0,VE692',
36 verbose headers   vary: 'Accept-Encoding, Accept' }
37 verbose request invalidating /home/grkblood13/.npm/registry.npmjs.org/m3u-builder on PUT
38 error publish Failed PUT 403
39 verbose stack Error: "You cannot publish over the previously published version 1.0.1." : m3u-builder
39 verbose stack     at makeError (/home/grkblood13/.nvm/v0.10.46/lib/node_modules/npm/node_modules/npm-registry-client/lib/request.js:264:12)
39 verbose stack     at CachingRegistryClient.<anonymous> (/home/grkblood13/.nvm/v0.10.46/lib/node_modules/npm/node_modules/npm-registry-client/lib/request.js:252:14)
39 verbose stack     at Request._callback (/home/grkblood13/.nvm/v0.10.46/lib/node_modules/npm/node_modules/npm-registry-client/lib/request.js:172:14)
39 verbose stack     at Request.self.callback (/home/grkblood13/.nvm/v0.10.46/lib/node_modules/npm/node_modules/request/request.js:199:22)
39 verbose stack     at Request.emit (events.js:98:17)
39 verbose stack     at Request.<anonymous> (/home/grkblood13/.nvm/v0.10.46/lib/node_modules/npm/node_modules/request/request.js:1036:10)
39 verbose stack     at Request.emit (events.js:117:20)
39 verbose stack     at IncomingMessage.<anonymous> (/home/grkblood13/.nvm/v0.10.46/lib/node_modules/npm/node_modules/request/request.js:963:12)
39 verbose stack     at IncomingMessage.emit (events.js:117:20)
39 verbose stack     at _stream_readable.js:944:16
40 verbose statusCode 403
41 verbose pkgid m3u-builder
42 verbose cwd /home/grkblood13/Projects/gitrepos/m3u-builder
43 error Linux 4.4.0-83-generic
44 error argv "/home/grkblood13/.nvm/v0.10.46/bin/node" "/home/grkblood13/.nvm/v0.10.46/bin/npm" "publish"
45 error node v0.10.46
46 error npm  v2.15.1
47 error code E403
48 error "You cannot publish over the previously published version 1.0.1." : m3u-builder
49 error If you need help, you may report this error at:
49 error     <https://github.com/npm/npm/issues>
50 verbose exit [ 1, true ]
